2023-03-03 17:41 - WARNING - formatter.py[:20] - Could not fetch node from url: https://github.com/abbasdvd3/node/raw/fb2fe44e8f761eef668234916296f4d1f0802b3d/abbasdvd.node2.yaml
2023-03-03 17:42 - WARNING - formatter.py[:53] - Could not fetch node from url: https://raw.githubusercontent.com/RenaLio/Mux2sub/main/sub_list: https://feiniaoyun.xyz/api/v1/client/subscribe?token=df4877ac8888a35ee137155ef33c6c28
2023-03-03 17:42 - WARNING - formatter.py[:53] - Could not fetch node from url: https://raw.githubusercontent.com/RenaLio/Mux2sub/main/sub_list: https://feiniaoyun.xyz/api/v1/client/subscribe?token=cf2df5e65d70e94ba7b776a9bb15f141
2023-03-03 17:42 - WARNING - formatter.py[:53] - Could not fetch node from url: https://raw.githubusercontent.com/RenaLio/Mux2sub/main/sub_list: https://feiniaoyun.xyz/api/v1/client/subscribe?token=0f8c14cdb65d7a9e81bd11eb305317f4
2023-03-03 17:42 - WARNING - formatter.py[:53] - Could not fetch node from url: https://raw.githubusercontent.com/RenaLio/Mux2sub/main/sub_list: https://feiniaoyun.xyz/api/v1/client/subscribe?token=228b7fd9badfd40ec526c4ec1ae8b0db
2023-03-03 17:42 - WARNING - formatter.py[:53] - Could not fetch node from url: https://raw.githubusercontent.com/RenaLio/Mux2sub/main/sub_list: https://lting.cyou/link/hlCdoxxn7bgliEA9?clash=1
2023-03-03 17:42 - WARNING - formatter.py[:53] - Could not fetch node from url: https://raw.githubusercontent.com/RenaLio/Mux2sub/main/sub_list: https://cdn-01.example.help.cn.faster.aliyuncdn.life/link/xXup7Ov1Hz0BDf77?clash=1
2023-03-03 17:42 - WARNING - formatter.py[:53] - Could not fetch node from url: https://raw.githubusercontent.com/RenaLio/Mux2sub/main/sub_list: https://cdn-01.example.help.cn.faster.aliyuncdn.life/link/LtNAYsYBEWdT64hU?clash=1
2023-03-03 17:42 - WARNING - formatter.py[:53] - Could not fetch node from url: https://raw.githubusercontent.com/RenaLio/Mux2sub/main/sub_list: https://dy.xiaozhupeiqix.com/link/xKWEbg7h7YDjq38Y?clash=1
2023-03-03 17:42 - WARNING - formatter.py[:53] - Could not fetch node from url: https://raw.githubusercontent.com/RenaLio/Mux2sub/main/sub_list: https://www.mxssr3.top/link/un5zkfS3vkMW2ssp?clash=1
2023-03-03 17:42 - WARNING - formatter.py[:53] - Could not fetch node from url: https://raw.githubusercontent.com/RenaLio/Mux2sub/main/sub_list: https://ubuntu.download-config-dotu.cyou/link/Pr8r5SF1G6wW0Qsx?clash=1
2023-03-03 17:42 - WARNING - formatter.py[:53] - Could not fetch node from url: https://raw.githubusercontent.com/RenaLio/Mux2sub/main/sub_list: https://service-jaz4ivuy-1313667892.gz.apigw.tencentcs.com/link/Zl9z7PDZryFTNe4C?clash=1
2023-03-03 17:42 - WARNING - formatter.py[:53] - Could not fetch node from url: https://raw.githubusercontent.com/RenaLio/Mux2sub/main/sub_list: https://lting.cyou/link/N7XqmX82kbrryjpe?clash=1
2023-03-03 17:42 - WARNING - formatter.py[:53] - Could not fetch node from url: https://raw.githubusercontent.com/RenaLio/Mux2sub/main/sub_list: https://cdn-01.example.help.cn.faster.aliyuncdn.life/link/N021pYl1yCYHku2q?clash=1
2023-03-03 17:42 - WARNING - formatter.py[:53] - Could not fetch node from url: https://raw.githubusercontent.com/RenaLio/Mux2sub/main/sub_list: https://cdn-01.example.help.cn.faster.aliyuncdn.life/link/hhDkKIpnhiXXulLe?clash=1
2023-03-03 17:42 - WARNING - formatter.py[:53] - Could not fetch node from url: https://raw.githubusercontent.com/RenaLio/Mux2sub/main/sub_list: https://dy.xiaozhupeiqix.com/link/whjeryH7P7MYhjvS?clash=1
2023-03-03 17:42 - WARNING - formatter.py[:53] - Could not fetch node from url: https://raw.githubusercontent.com/RenaLio/Mux2sub/main/sub_list: https://www.mxssr3.top/link/hviiv9KTfSs7dGgM?clash=1
2023-03-03 17:42 - WARNING - formatter.py[:53] - Could not fetch node from url: https://raw.githubusercontent.com/RenaLio/Mux2sub/main/sub_list: https://ubuntu.download-config-dotu.cyou/link/mjhUVneD3oZjrYdO?clash=1
2023-03-03 17:42 - WARNING - formatter.py[:53] - Could not fetch node from url: https://raw.githubusercontent.com/RenaLio/Mux2sub/main/sub_list: https://service-jaz4ivuy-1313667892.gz.apigw.tencentcs.com/link/VruDh8AW6l3kJECZ?clash=1
2023-03-03 18:23 - ERROR - generator.py[:26] - out.json not found, exit program
NoneType: None
2023-03-03 18:23 - ERROR - generator.py[:26] - out.json not found, exit program
NoneType: None
2023-03-03 18:27 - ERROR - generator.py[:26] - out.json not found, exit program
NoneType: None
2023-03-03 18:27 - ERROR - generator.py[:26] - out.json not found, exit program
NoneType: None
2023-03-03 18:30 - ERROR - generator.py[:26] - out.json not found, exit program
NoneType: None
2023-03-03 18:31 - ERROR - generator.py[:26] - out.json not found, exit program
NoneType: None
2023-03-03 18:33 - ERROR - generator.py[:26] - out.json not found, exit program
NoneType: None
2023-03-03 18:35 - ERROR - generator.py[:26] - out.json not found, exit program
NoneType: None
2023-03-03 18:46 - ERROR - generator.py[:26] - out.json not found, exit program
NoneType: None
2023-03-03 18:49 - WARNING - formatter.py[:20] - Could not fetch node from url: https://github.com/abbasdvd3/node/raw/fb2fe44e8f761eef668234916296f4d1f0802b3d/abbasdvd.node2.yaml
2023-03-03 18:49 - WARNING - formatter.py[:53] - Could not fetch node from url: https://raw.githubusercontent.com/RenaLio/Mux2sub/main/sub_list: https://lting.cyou/link/bYEGVKavuo8uuExc?clash=1
2023-03-03 18:49 - WARNING - formatter.py[:53] - Could not fetch node from url: https://raw.githubusercontent.com/RenaLio/Mux2sub/main/sub_list: https://quq.world/dee495db53a5db97a/link/RbOw8Sgprc8XIlNy?sub=3
2023-03-03 18:50 - WARNING - formatter.py[:53] - Could not fetch node from url: https://raw.githubusercontent.com/RenaLio/Mux2sub/main/sub_list: https://cdn-01.example.help.cn.faster.aliyuncdn.life/link/XxV67rwyR1rycXwB?clash=1
2023-03-03 18:50 - WARNING - formatter.py[:53] - Could not fetch node from url: https://raw.githubusercontent.com/RenaLio/Mux2sub/main/sub_list: https://cdn-01.example.help.cn.faster.aliyuncdn.life/link/XoTdd3dudYQhauOz?clash=1
2023-03-03 18:50 - WARNING - formatter.py[:53] - Could not fetch node from url: https://raw.githubusercontent.com/RenaLio/Mux2sub/main/sub_list: https://dy.xiaozhupeiqix.com/link/3UjMvc0ExnC5SIKJ?clash=1
2023-03-03 18:50 - WARNING - formatter.py[:53] - Could not fetch node from url: https://raw.githubusercontent.com/RenaLio/Mux2sub/main/sub_list: https://ubuntu.download-config-dotu.cyou/link/lakP74vmXv60Viyw?clash=1
2023-03-03 18:50 - WARNING - formatter.py[:53] - Could not fetch node from url: https://raw.githubusercontent.com/RenaLio/Mux2sub/main/sub_list: https://service-jaz4ivuy-1313667892.gz.apigw.tencentcs.com/link/tVNzxntSX7BVribE?clash=1
2023-03-03 18:50 - WARNING - formatter.py[:53] - Could not fetch node from url: https://raw.githubusercontent.com/RenaLio/Mux2sub/main/sub_list: https://lting.cyou/link/Ad4ATx9UhAFVg1eZ?clash=1
2023-03-03 18:50 - WARNING - formatter.py[:53] - Could not fetch node from url: https://raw.githubusercontent.com/RenaLio/Mux2sub/main/sub_list: https://quq.world/dee495db53a5db97a/link/jzggbijblCruJGLI?sub=3
2023-03-03 18:50 - WARNING - formatter.py[:53] - Could not fetch node from url: https://raw.githubusercontent.com/RenaLio/Mux2sub/main/sub_list: https://cdn-01.example.help.cn.faster.aliyuncdn.life/link/HTFLFJLCvG2Zqj5U?clash=1
2023-03-03 18:50 - WARNING - formatter.py[:53] - Could not fetch node from url: https://raw.githubusercontent.com/RenaLio/Mux2sub/main/sub_list: https://cdn-01.example.help.cn.faster.aliyuncdn.life/link/tPByeKQDBy3mHpOk?clash=1
2023-03-03 18:50 - WARNING - formatter.py[:53] - Could not fetch node from url: https://raw.githubusercontent.com/RenaLio/Mux2sub/main/sub_list: https://dy.xiaozhupeiqix.com/link/UqUq8NNN1gmrWO07?clash=1
2023-03-03 18:50 - WARNING - formatter.py[:53] - Could not fetch node from url: https://raw.githubusercontent.com/RenaLio/Mux2sub/main/sub_list: https://ubuntu.download-config-dotu.cyou/link/OmJN10N3AGl2uQVL?clash=1
2023-03-03 18:50 - WARNING - formatter.py[:53] - Could not fetch node from url: https://raw.githubusercontent.com/RenaLio/Mux2sub/main/sub_list: https://service-jaz4ivuy-1313667892.gz.apigw.tencentcs.com/link/AuifQ9fIfEo565D8?clash=1
2023-03-03 18:55 - WARNING - formatter.py[:20] - Could not fetch node from url: https://github.com/abbasdvd3/node/raw/fb2fe44e8f761eef668234916296f4d1f0802b3d/abbasdvd.node2.yaml
2023-03-03 18:55 - WARNING - formatter.py[:53] - Could not fetch node from url: https://raw.githubusercontent.com/RenaLio/Mux2sub/main/sub_list: https://lting.cyou/link/bYEGVKavuo8uuExc?clash=1
2023-03-03 18:55 - WARNING - formatter.py[:53] - Could not fetch node from url: https://raw.githubusercontent.com/RenaLio/Mux2sub/main/sub_list: https://quq.world/dee495db53a5db97a/link/RbOw8Sgprc8XIlNy?sub=3
2023-03-03 18:55 - WARNING - formatter.py[:53] - Could not fetch node from url: https://raw.githubusercontent.com/RenaLio/Mux2sub/main/sub_list: https://cdn-01.example.help.cn.faster.aliyuncdn.life/link/XxV67rwyR1rycXwB?clash=1
2023-03-03 18:55 - WARNING - formatter.py[:53] - Could not fetch node from url: https://raw.githubusercontent.com/RenaLio/Mux2sub/main/sub_list: https://cdn-01.example.help.cn.faster.aliyuncdn.life/link/XoTdd3dudYQhauOz?clash=1
2023-03-03 18:55 - WARNING - formatter.py[:53] - Could not fetch node from url: https://raw.githubusercontent.com/RenaLio/Mux2sub/main/sub_list: https://dy.xiaozhupeiqix.com/link/3UjMvc0ExnC5SIKJ?clash=1
2023-03-03 18:55 - WARNING - formatter.py[:53] - Could not fetch node from url: https://raw.githubusercontent.com/RenaLio/Mux2sub/main/sub_list: https://ubuntu.download-config-dotu.cyou/link/lakP74vmXv60Viyw?clash=1
2023-03-03 18:55 - WARNING - formatter.py[:53] - Could not fetch node from url: https://raw.githubusercontent.com/RenaLio/Mux2sub/main/sub_list: https://service-jaz4ivuy-1313667892.gz.apigw.tencentcs.com/link/tVNzxntSX7BVribE?clash=1
2023-03-03 18:55 - WARNING - formatter.py[:53] - Could not fetch node from url: https://raw.githubusercontent.com/RenaLio/Mux2sub/main/sub_list: https://lting.cyou/link/Ad4ATx9UhAFVg1eZ?clash=1
2023-03-03 18:55 - WARNING - formatter.py[:53] - Could not fetch node from url: https://raw.githubusercontent.com/RenaLio/Mux2sub/main/sub_list: https://quq.world/dee495db53a5db97a/link/jzggbijblCruJGLI?sub=3
2023-03-03 18:55 - WARNING - formatter.py[:53] - Could not fetch node from url: https://raw.githubusercontent.com/RenaLio/Mux2sub/main/sub_list: https://cdn-01.example.help.cn.faster.aliyuncdn.life/link/HTFLFJLCvG2Zqj5U?clash=1
2023-03-03 18:55 - WARNING - formatter.py[:53] - Could not fetch node from url: https://raw.githubusercontent.com/RenaLio/Mux2sub/main/sub_list: https://cdn-01.example.help.cn.faster.aliyuncdn.life/link/tPByeKQDBy3mHpOk?clash=1
2023-03-03 18:55 - WARNING - formatter.py[:53] - Could not fetch node from url: https://raw.githubusercontent.com/RenaLio/Mux2sub/main/sub_list: https://dy.xiaozhupeiqix.com/link/UqUq8NNN1gmrWO07?clash=1
2023-03-03 18:55 - WARNING - formatter.py[:53] - Could not fetch node from url: https://raw.githubusercontent.com/RenaLio/Mux2sub/main/sub_list: https://ubuntu.download-config-dotu.cyou/link/OmJN10N3AGl2uQVL?clash=1
2023-03-03 18:56 - WARNING - formatter.py[:53] - Could not fetch node from url: https://raw.githubusercontent.com/RenaLio/Mux2sub/main/sub_list: https://service-jaz4ivuy-1313667892.gz.apigw.tencentcs.com/link/AuifQ9fIfEo565D8?clash=1
2023-03-03 18:58 - WARNING - formatter.py[:20] - Could not fetch node from url: https://github.com/abbasdvd3/node/raw/fb2fe44e8f761eef668234916296f4d1f0802b3d/abbasdvd.node2.yaml
2023-03-03 18:59 - WARNING - formatter.py[:53] - Could not fetch node from url: https://raw.githubusercontent.com/RenaLio/Mux2sub/main/sub_list: https://lting.cyou/link/bYEGVKavuo8uuExc?clash=1
2023-03-03 18:59 - WARNING - formatter.py[:53] - Could not fetch node from url: https://raw.githubusercontent.com/RenaLio/Mux2sub/main/sub_list: https://quq.world/dee495db53a5db97a/link/RbOw8Sgprc8XIlNy?sub=3
2023-03-03 18:59 - WARNING - formatter.py[:53] - Could not fetch node from url: https://raw.githubusercontent.com/RenaLio/Mux2sub/main/sub_list: https://cdn-01.example.help.cn.faster.aliyuncdn.life/link/XxV67rwyR1rycXwB?clash=1
2023-03-03 18:59 - WARNING - formatter.py[:53] - Could not fetch node from url: https://raw.githubusercontent.com/RenaLio/Mux2sub/main/sub_list: https://cdn-01.example.help.cn.faster.aliyuncdn.life/link/XoTdd3dudYQhauOz?clash=1
2023-03-03 18:59 - WARNING - formatter.py[:53] - Could not fetch node from url: https://raw.githubusercontent.com/RenaLio/Mux2sub/main/sub_list: https://dy.xiaozhupeiqix.com/link/3UjMvc0ExnC5SIKJ?clash=1
2023-03-03 18:59 - WARNING - formatter.py[:53] - Could not fetch node from url: https://raw.githubusercontent.com/RenaLio/Mux2sub/main/sub_list: https://ubuntu.download-config-dotu.cyou/link/lakP74vmXv60Viyw?clash=1
2023-03-03 18:59 - WARNING - formatter.py[:53] - Could not fetch node from url: https://raw.githubusercontent.com/RenaLio/Mux2sub/main/sub_list: https://service-jaz4ivuy-1313667892.gz.apigw.tencentcs.com/link/tVNzxntSX7BVribE?clash=1
2023-03-03 18:59 - WARNING - formatter.py[:53] - Could not fetch node from url: https://raw.githubusercontent.com/RenaLio/Mux2sub/main/sub_list: https://lting.cyou/link/Ad4ATx9UhAFVg1eZ?clash=1
2023-03-03 18:59 - WARNING - formatter.py[:53] - Could not fetch node from url: https://raw.githubusercontent.com/RenaLio/Mux2sub/main/sub_list: https://quq.world/dee495db53a5db97a/link/jzggbijblCruJGLI?sub=3
2023-03-03 18:59 - WARNING - formatter.py[:53] - Could not fetch node from url: https://raw.githubusercontent.com/RenaLio/Mux2sub/main/sub_list: https://cdn-01.example.help.cn.faster.aliyuncdn.life/link/HTFLFJLCvG2Zqj5U?clash=1
2023-03-03 18:59 - WARNING - formatter.py[:53] - Could not fetch node from url: https://raw.githubusercontent.com/RenaLio/Mux2sub/main/sub_list: https://cdn-01.example.help.cn.faster.aliyuncdn.life/link/tPByeKQDBy3mHpOk?clash=1
2023-03-03 18:59 - WARNING - formatter.py[:53] - Could not fetch node from url: https://raw.githubusercontent.com/RenaLio/Mux2sub/main/sub_list: https://dy.xiaozhupeiqix.com/link/UqUq8NNN1gmrWO07?clash=1
2023-03-03 18:59 - WARNING - formatter.py[:53] - Could not fetch node from url: https://raw.githubusercontent.com/RenaLio/Mux2sub/main/sub_list: https://ubuntu.download-config-dotu.cyou/link/OmJN10N3AGl2uQVL?clash=1
2023-03-03 18:59 - WARNING - formatter.py[:53] - Could not fetch node from url: https://raw.githubusercontent.com/RenaLio/Mux2sub/main/sub_list: https://service-jaz4ivuy-1313667892.gz.apigw.tencentcs.com/link/AuifQ9fIfEo565D8?clash=1
2023-03-03 19:03 - WARNING - formatter.py[:20] - Could not fetch node from url: https://github.com/abbasdvd3/node/raw/fb2fe44e8f761eef668234916296f4d1f0802b3d/abbasdvd.node2.yaml
2023-03-03 19:03 - WARNING - formatter.py[:53] - Could not fetch node from url: https://raw.githubusercontent.com/RenaLio/Mux2sub/main/sub_list: https://lting.cyou/link/bYEGVKavuo8uuExc?clash=1
2023-03-03 19:03 - WARNING - formatter.py[:53] - Could not fetch node from url: https://raw.githubusercontent.com/RenaLio/Mux2sub/main/sub_list: https://quq.world/dee495db53a5db97a/link/RbOw8Sgprc8XIlNy?sub=3
2023-03-03 19:03 - WARNING - formatter.py[:53] - Could not fetch node from url: https://raw.githubusercontent.com/RenaLio/Mux2sub/main/sub_list: https://cdn-01.example.help.cn.faster.aliyuncdn.life/link/XxV67rwyR1rycXwB?clash=1
2023-03-03 19:03 - WARNING - formatter.py[:53] - Could not fetch node from url: https://raw.githubusercontent.com/RenaLio/Mux2sub/main/sub_list: https://cdn-01.example.help.cn.faster.aliyuncdn.life/link/XoTdd3dudYQhauOz?clash=1
2023-03-03 19:03 - WARNING - formatter.py[:53] - Could not fetch node from url: https://raw.githubusercontent.com/RenaLio/Mux2sub/main/sub_list: https://dy.xiaozhupeiqix.com/link/3UjMvc0ExnC5SIKJ?clash=1
2023-03-03 19:03 - WARNING - formatter.py[:53] - Could not fetch node from url: https://raw.githubusercontent.com/RenaLio/Mux2sub/main/sub_list: https://ubuntu.download-config-dotu.cyou/link/lakP74vmXv60Viyw?clash=1
2023-03-03 19:03 - WARNING - formatter.py[:53] - Could not fetch node from url: https://raw.githubusercontent.com/RenaLio/Mux2sub/main/sub_list: https://service-jaz4ivuy-1313667892.gz.apigw.tencentcs.com/link/tVNzxntSX7BVribE?clash=1
2023-03-03 19:03 - WARNING - formatter.py[:53] - Could not fetch node from url: https://raw.githubusercontent.com/RenaLio/Mux2sub/main/sub_list: https://lting.cyou/link/Ad4ATx9UhAFVg1eZ?clash=1
2023-03-03 19:03 - WARNING - formatter.py[:53] - Could not fetch node from url: https://raw.githubusercontent.com/RenaLio/Mux2sub/main/sub_list: https://quq.world/dee495db53a5db97a/link/jzggbijblCruJGLI?sub=3
2023-03-03 19:03 - WARNING - formatter.py[:53] - Could not fetch node from url: https://raw.githubusercontent.com/RenaLio/Mux2sub/main/sub_list: https://cdn-01.example.help.cn.faster.aliyuncdn.life/link/HTFLFJLCvG2Zqj5U?clash=1
2023-03-03 19:04 - WARNING - formatter.py[:53] - Could not fetch node from url: https://raw.githubusercontent.com/RenaLio/Mux2sub/main/sub_list: https://cdn-01.example.help.cn.faster.aliyuncdn.life/link/tPByeKQDBy3mHpOk?clash=1
2023-03-03 19:04 - WARNING - formatter.py[:53] - Could not fetch node from url: https://raw.githubusercontent.com/RenaLio/Mux2sub/main/sub_list: https://dy.xiaozhupeiqix.com/link/UqUq8NNN1gmrWO07?clash=1
2023-03-03 19:04 - WARNING - formatter.py[:53] - Could not fetch node from url: https://raw.githubusercontent.com/RenaLio/Mux2sub/main/sub_list: https://ubuntu.download-config-dotu.cyou/link/OmJN10N3AGl2uQVL?clash=1
2023-03-03 19:04 - WARNING - formatter.py[:53] - Could not fetch node from url: https://raw.githubusercontent.com/RenaLio/Mux2sub/main/sub_list: https://service-jaz4ivuy-1313667892.gz.apigw.tencentcs.com/link/AuifQ9fIfEo565D8?clash=1
2023-03-03 19:14 - WARNING - formatter.py[:20] - Could not fetch node from url: https://github.com/abbasdvd3/node/raw/fb2fe44e8f761eef668234916296f4d1f0802b3d/abbasdvd.node2.yaml
2023-03-03 19:14 - WARNING - formatter.py[:53] - Could not fetch node from url: https://raw.githubusercontent.com/RenaLio/Mux2sub/main/sub_list: https://lting.cyou/link/bYEGVKavuo8uuExc?clash=1
2023-03-03 19:14 - WARNING - formatter.py[:53] - Could not fetch node from url: https://raw.githubusercontent.com/RenaLio/Mux2sub/main/sub_list: https://quq.world/dee495db53a5db97a/link/RbOw8Sgprc8XIlNy?sub=3
2023-03-03 19:15 - WARNING - formatter.py[:53] - Could not fetch node from url: https://raw.githubusercontent.com/RenaLio/Mux2sub/main/sub_list: https://cdn-01.example.help.cn.faster.aliyuncdn.life/link/XxV67rwyR1rycXwB?clash=1
2023-03-03 19:15 - WARNING - formatter.py[:53] - Could not fetch node from url: https://raw.githubusercontent.com/RenaLio/Mux2sub/main/sub_list: https://cdn-01.example.help.cn.faster.aliyuncdn.life/link/XoTdd3dudYQhauOz?clash=1
2023-03-03 19:15 - WARNING - formatter.py[:53] - Could not fetch node from url: https://raw.githubusercontent.com/RenaLio/Mux2sub/main/sub_list: https://dy.xiaozhupeiqix.com/link/3UjMvc0ExnC5SIKJ?clash=1
2023-03-03 19:15 - WARNING - formatter.py[:53] - Could not fetch node from url: https://raw.githubusercontent.com/RenaLio/Mux2sub/main/sub_list: https://ubuntu.download-config-dotu.cyou/link/lakP74vmXv60Viyw?clash=1
2023-03-03 19:15 - WARNING - formatter.py[:53] - Could not fetch node from url: https://raw.githubusercontent.com/RenaLio/Mux2sub/main/sub_list: https://service-jaz4ivuy-1313667892.gz.apigw.tencentcs.com/link/tVNzxntSX7BVribE?clash=1
2023-03-03 19:15 - WARNING - formatter.py[:53] - Could not fetch node from url: https://raw.githubusercontent.com/RenaLio/Mux2sub/main/sub_list: https://lting.cyou/link/Ad4ATx9UhAFVg1eZ?clash=1
2023-03-03 19:15 - WARNING - formatter.py[:53] - Could not fetch node from url: https://raw.githubusercontent.com/RenaLio/Mux2sub/main/sub_list: https://quq.world/dee495db53a5db97a/link/jzggbijblCruJGLI?sub=3
2023-03-03 19:15 - WARNING - formatter.py[:53] - Could not fetch node from url: https://raw.githubusercontent.com/RenaLio/Mux2sub/main/sub_list: https://cdn-01.example.help.cn.faster.aliyuncdn.life/link/HTFLFJLCvG2Zqj5U?clash=1
2023-03-03 19:15 - WARNING - formatter.py[:53] - Could not fetch node from url: https://raw.githubusercontent.com/RenaLio/Mux2sub/main/sub_list: https://cdn-01.example.help.cn.faster.aliyuncdn.life/link/tPByeKQDBy3mHpOk?clash=1
2023-03-03 19:15 - WARNING - formatter.py[:53] - Could not fetch node from url: https://raw.githubusercontent.com/RenaLio/Mux2sub/main/sub_list: https://dy.xiaozhupeiqix.com/link/UqUq8NNN1gmrWO07?clash=1
2023-03-03 19:15 - WARNING - formatter.py[:53] - Could not fetch node from url: https://raw.githubusercontent.com/RenaLio/Mux2sub/main/sub_list: https://ubuntu.download-config-dotu.cyou/link/OmJN10N3AGl2uQVL?clash=1
2023-03-03 19:15 - WARNING - formatter.py[:53] - Could not fetch node from url: https://raw.githubusercontent.com/RenaLio/Mux2sub/main/sub_list: https://service-jaz4ivuy-1313667892.gz.apigw.tencentcs.com/link/AuifQ9fIfEo565D8?clash=1
2023-03-03 19:18 - WARNING - formatter.py[:20] - Could not fetch node from url: https://github.com/abbasdvd3/node/raw/fb2fe44e8f761eef668234916296f4d1f0802b3d/abbasdvd.node2.yaml
2023-03-03 19:18 - WARNING - formatter.py[:53] - Could not fetch node from url: https://raw.githubusercontent.com/RenaLio/Mux2sub/main/sub_list: https://lting.cyou/link/bYEGVKavuo8uuExc?clash=1
2023-03-03 19:19 - WARNING - formatter.py[:53] - Could not fetch node from url: https://raw.githubusercontent.com/RenaLio/Mux2sub/main/sub_list: https://quq.world/dee495db53a5db97a/link/RbOw8Sgprc8XIlNy?sub=3
2023-03-03 19:19 - WARNING - formatter.py[:53] - Could not fetch node from url: https://raw.githubusercontent.com/RenaLio/Mux2sub/main/sub_list: https://cdn-01.example.help.cn.faster.aliyuncdn.life/link/XxV67rwyR1rycXwB?clash=1
2023-03-03 19:19 - WARNING - formatter.py[:53] - Could not fetch node from url: https://raw.githubusercontent.com/RenaLio/Mux2sub/main/sub_list: https://cdn-01.example.help.cn.faster.aliyuncdn.life/link/XoTdd3dudYQhauOz?clash=1
2023-03-03 19:19 - WARNING - formatter.py[:53] - Could not fetch node from url: https://raw.githubusercontent.com/RenaLio/Mux2sub/main/sub_list: https://dy.xiaozhupeiqix.com/link/3UjMvc0ExnC5SIKJ?clash=1
2023-03-03 19:19 - WARNING - formatter.py[:53] - Could not fetch node from url: https://raw.githubusercontent.com/RenaLio/Mux2sub/main/sub_list: https://ubuntu.download-config-dotu.cyou/link/lakP74vmXv60Viyw?clash=1
2023-03-03 19:19 - WARNING - formatter.py[:53] - Could not fetch node from url: https://raw.githubusercontent.com/RenaLio/Mux2sub/main/sub_list: https://service-jaz4ivuy-1313667892.gz.apigw.tencentcs.com/link/tVNzxntSX7BVribE?clash=1
2023-03-03 19:19 - WARNING - formatter.py[:53] - Could not fetch node from url: https://raw.githubusercontent.com/RenaLio/Mux2sub/main/sub_list: https://lting.cyou/link/Ad4ATx9UhAFVg1eZ?clash=1
2023-03-03 19:19 - WARNING - formatter.py[:53] - Could not fetch node from url: https://raw.githubusercontent.com/RenaLio/Mux2sub/main/sub_list: https://quq.world/dee495db53a5db97a/link/jzggbijblCruJGLI?sub=3
2023-03-03 19:19 - WARNING - formatter.py[:53] - Could not fetch node from url: https://raw.githubusercontent.com/RenaLio/Mux2sub/main/sub_list: https://cdn-01.example.help.cn.faster.aliyuncdn.life/link/HTFLFJLCvG2Zqj5U?clash=1
2023-03-03 19:19 - WARNING - formatter.py[:53] - Could not fetch node from url: https://raw.githubusercontent.com/RenaLio/Mux2sub/main/sub_list: https://cdn-01.example.help.cn.faster.aliyuncdn.life/link/tPByeKQDBy3mHpOk?clash=1
2023-03-03 19:19 - WARNING - formatter.py[:53] - Could not fetch node from url: https://raw.githubusercontent.com/RenaLio/Mux2sub/main/sub_list: https://dy.xiaozhupeiqix.com/link/UqUq8NNN1gmrWO07?clash=1
2023-03-03 19:19 - WARNING - formatter.py[:53] - Could not fetch node from url: https://raw.githubusercontent.com/RenaLio/Mux2sub/main/sub_list: https://ubuntu.download-config-dotu.cyou/link/OmJN10N3AGl2uQVL?clash=1
2023-03-03 19:19 - WARNING - formatter.py[:53] - Could not fetch node from url: https://raw.githubusercontent.com/RenaLio/Mux2sub/main/sub_list: https://service-jaz4ivuy-1313667892.gz.apigw.tencentcs.com/link/AuifQ9fIfEo565D8?clash=1
2023-03-03 19:23 - WARNING - formatter.py[:20] - Could not fetch node from url: https://github.com/abbasdvd3/node/raw/fb2fe44e8f761eef668234916296f4d1f0802b3d/abbasdvd.node2.yaml
2023-03-03 19:24 - WARNING - formatter.py[:53] - Could not fetch node from url: https://raw.githubusercontent.com/RenaLio/Mux2sub/main/sub_list: https://lting.cyou/link/bYEGVKavuo8uuExc?clash=1
2023-03-03 19:24 - WARNING - formatter.py[:53] - Could not fetch node from url: https://raw.githubusercontent.com/RenaLio/Mux2sub/main/sub_list: https://quq.world/dee495db53a5db97a/link/RbOw8Sgprc8XIlNy?sub=3
2023-03-03 19:24 - WARNING - formatter.py[:53] - Could not fetch node from url: https://raw.githubusercontent.com/RenaLio/Mux2sub/main/sub_list: https://cdn-01.example.help.cn.faster.aliyuncdn.life/link/XxV67rwyR1rycXwB?clash=1
2023-03-03 19:24 - WARNING - formatter.py[:53] - Could not fetch node from url: https://raw.githubusercontent.com/RenaLio/Mux2sub/main/sub_list: https://cdn-01.example.help.cn.faster.aliyuncdn.life/link/XoTdd3dudYQhauOz?clash=1
2023-03-03 19:24 - WARNING - formatter.py[:53] - Could not fetch node from url: https://raw.githubusercontent.com/RenaLio/Mux2sub/main/sub_list: https://dy.xiaozhupeiqix.com/link/3UjMvc0ExnC5SIKJ?clash=1
2023-03-03 19:24 - WARNING - formatter.py[:53] - Could not fetch node from url: https://raw.githubusercontent.com/RenaLio/Mux2sub/main/sub_list: https://ubuntu.download-config-dotu.cyou/link/lakP74vmXv60Viyw?clash=1
2023-03-03 19:24 - WARNING - formatter.py[:53] - Could not fetch node from url: https://raw.githubusercontent.com/RenaLio/Mux2sub/main/sub_list: https://service-jaz4ivuy-1313667892.gz.apigw.tencentcs.com/link/tVNzxntSX7BVribE?clash=1
2023-03-03 19:24 - WARNING - formatter.py[:53] - Could not fetch node from url: https://raw.githubusercontent.com/RenaLio/Mux2sub/main/sub_list: https://lting.cyou/link/Ad4ATx9UhAFVg1eZ?clash=1
2023-03-03 19:24 - WARNING - formatter.py[:53] - Could not fetch node from url: https://raw.githubusercontent.com/RenaLio/Mux2sub/main/sub_list: https://quq.world/dee495db53a5db97a/link/jzggbijblCruJGLI?sub=3
2023-03-03 19:24 - WARNING - formatter.py[:53] - Could not fetch node from url: https://raw.githubusercontent.com/RenaLio/Mux2sub/main/sub_list: https://cdn-01.example.help.cn.faster.aliyuncdn.life/link/HTFLFJLCvG2Zqj5U?clash=1
2023-03-03 19:24 - WARNING - formatter.py[:53] - Could not fetch node from url: https://raw.githubusercontent.com/RenaLio/Mux2sub/main/sub_list: https://cdn-01.example.help.cn.faster.aliyuncdn.life/link/tPByeKQDBy3mHpOk?clash=1
2023-03-03 19:24 - WARNING - formatter.py[:53] - Could not fetch node from url: https://raw.githubusercontent.com/RenaLio/Mux2sub/main/sub_list: https://dy.xiaozhupeiqix.com/link/UqUq8NNN1gmrWO07?clash=1
2023-03-03 19:24 - WARNING - formatter.py[:53] - Could not fetch node from url: https://raw.githubusercontent.com/RenaLio/Mux2sub/main/sub_list: https://ubuntu.download-config-dotu.cyou/link/OmJN10N3AGl2uQVL?clash=1
2023-03-03 19:24 - WARNING - formatter.py[:53] - Could not fetch node from url: https://raw.githubusercontent.com/RenaLio/Mux2sub/main/sub_list: https://service-jaz4ivuy-1313667892.gz.apigw.tencentcs.com/link/AuifQ9fIfEo565D8?clash=1
2023-03-03 19:29 - WARNING - formatter.py[:20] - Could not fetch node from url: https://github.com/abbasdvd3/node/raw/fb2fe44e8f761eef668234916296f4d1f0802b3d/abbasdvd.node2.yaml
2023-03-03 19:29 - WARNING - formatter.py[:53] - Could not fetch node from url: https://raw.githubusercontent.com/RenaLio/Mux2sub/main/sub_list: https://feiniaoyun.xyz/api/v1/client/subscribe?token=96b13f27e84ef48cbb2a898f321918c6
2023-03-03 19:29 - WARNING - formatter.py[:53] - Could not fetch node from url: https://raw.githubusercontent.com/RenaLio/Mux2sub/main/sub_list: https://lting.cyou/link/bYEGVKavuo8uuExc?clash=1
2023-03-03 19:29 - WARNING - formatter.py[:53] - Could not fetch node from url: https://raw.githubusercontent.com/RenaLio/Mux2sub/main/sub_list: https://quq.world/dee495db53a5db97a/link/RbOw8Sgprc8XIlNy?sub=3
2023-03-03 19:29 - WARNING - formatter.py[:53] - Could not fetch node from url: https://raw.githubusercontent.com/RenaLio/Mux2sub/main/sub_list: https://cdn-01.example.help.cn.faster.aliyuncdn.life/link/XxV67rwyR1rycXwB?clash=1
2023-03-03 19:29 - WARNING - formatter.py[:53] - Could not fetch node from url: https://raw.githubusercontent.com/RenaLio/Mux2sub/main/sub_list: https://cdn-01.example.help.cn.faster.aliyuncdn.life/link/XoTdd3dudYQhauOz?clash=1
2023-03-03 19:29 - WARNING - formatter.py[:53] - Could not fetch node from url: https://raw.githubusercontent.com/RenaLio/Mux2sub/main/sub_list: https://dy.xiaozhupeiqix.com/link/3UjMvc0ExnC5SIKJ?clash=1
2023-03-03 19:29 - WARNING - formatter.py[:53] - Could not fetch node from url: https://raw.githubusercontent.com/RenaLio/Mux2sub/main/sub_list: https://ubuntu.download-config-dotu.cyou/link/lakP74vmXv60Viyw?clash=1
2023-03-03 19:29 - WARNING - formatter.py[:53] - Could not fetch node from url: https://raw.githubusercontent.com/RenaLio/Mux2sub/main/sub_list: https://service-jaz4ivuy-1313667892.gz.apigw.tencentcs.com/link/tVNzxntSX7BVribE?clash=1
2023-03-03 19:30 - WARNING - formatter.py[:53] - Could not fetch node from url: https://raw.githubusercontent.com/RenaLio/Mux2sub/main/sub_list: https://lting.cyou/link/Ad4ATx9UhAFVg1eZ?clash=1
2023-03-03 19:30 - WARNING - formatter.py[:53] - Could not fetch node from url: https://raw.githubusercontent.com/RenaLio/Mux2sub/main/sub_list: https://quq.world/dee495db53a5db97a/link/jzggbijblCruJGLI?sub=3
2023-03-03 19:30 - WARNING - formatter.py[:53] - Could not fetch node from url: https://raw.githubusercontent.com/RenaLio/Mux2sub/main/sub_list: https://cdn-01.example.help.cn.faster.aliyuncdn.life/link/HTFLFJLCvG2Zqj5U?clash=1
2023-03-03 19:30 - WARNING - formatter.py[:53] - Could not fetch node from url: https://raw.githubusercontent.com/RenaLio/Mux2sub/main/sub_list: https://cdn-01.example.help.cn.faster.aliyuncdn.life/link/tPByeKQDBy3mHpOk?clash=1
2023-03-03 19:30 - WARNING - formatter.py[:53] - Could not fetch node from url: https://raw.githubusercontent.com/RenaLio/Mux2sub/main/sub_list: https://dy.xiaozhupeiqix.com/link/UqUq8NNN1gmrWO07?clash=1
2023-03-03 19:30 - WARNING - formatter.py[:53] - Could not fetch node from url: https://raw.githubusercontent.com/RenaLio/Mux2sub/main/sub_list: https://ubuntu.download-config-dotu.cyou/link/OmJN10N3AGl2uQVL?clash=1
2023-03-03 19:30 - WARNING - formatter.py[:53] - Could not fetch node from url: https://raw.githubusercontent.com/RenaLio/Mux2sub/main/sub_list: https://service-jaz4ivuy-1313667892.gz.apigw.tencentcs.com/link/AuifQ9fIfEo565D8?clash=1
2023-03-03 19:40 - ERROR - generator.py[:26] - out.json not found, exit program
NoneType: None
2023-03-03 19:42 - WARNING - formatter.py[:20] - Could not fetch node from url: https://github.com/abbasdvd3/node/raw/fb2fe44e8f761eef668234916296f4d1f0802b3d/abbasdvd.node2.yaml
2023-03-03 19:42 - WARNING - formatter.py[:53] - Could not fetch node from url: https://raw.githubusercontent.com/RenaLio/Mux2sub/main/sub_list: https://feiniaoyun.xyz/api/v1/client/subscribe?token=96b13f27e84ef48cbb2a898f321918c6
2023-03-03 19:42 - WARNING - formatter.py[:53] - Could not fetch node from url: https://raw.githubusercontent.com/RenaLio/Mux2sub/main/sub_list: https://feiniaoyun.xyz/api/v1/client/subscribe?token=aeb7d2f17670fda5851bb4c7fc4ad4b1
2023-03-03 19:42 - WARNING - formatter.py[:53] - Could not fetch node from url: https://raw.githubusercontent.com/RenaLio/Mux2sub/main/sub_list: https://feiniaoyun.xyz/api/v1/client/subscribe?token=b0d8e35737d4a33f10041e252f4aa06e
2023-03-03 19:42 - WARNING - formatter.py[:53] - Could not fetch node from url: https://raw.githubusercontent.com/RenaLio/Mux2sub/main/sub_list: https://feiniaoyun.xyz/api/v1/client/subscribe?token=bde31b55295d5c4a61c3d0f396d4b106
2023-03-03 19:42 - WARNING - formatter.py[:53] - Could not fetch node from url: https://raw.githubusercontent.com/RenaLio/Mux2sub/main/sub_list: https://lting.cyou/link/bYEGVKavuo8uuExc?clash=1
2023-03-03 19:42 - WARNING - formatter.py[:53] - Could not fetch node from url: https://raw.githubusercontent.com/RenaLio/Mux2sub/main/sub_list: https://quq.world/dee495db53a5db97a/link/RbOw8Sgprc8XIlNy?sub=3
2023-03-03 19:42 - WARNING - formatter.py[:53] - Could not fetch node from url: https://raw.githubusercontent.com/RenaLio/Mux2sub/main/sub_list: https://cdn-01.example.help.cn.faster.aliyuncdn.life/link/XxV67rwyR1rycXwB?clash=1
2023-03-03 19:42 - WARNING - formatter.py[:53] - Could not fetch node from url: https://raw.githubusercontent.com/RenaLio/Mux2sub/main/sub_list: https://cdn-01.example.help.cn.faster.aliyuncdn.life/link/XoTdd3dudYQhauOz?clash=1
2023-03-03 19:42 - WARNING - formatter.py[:53] - Could not fetch node from url: https://raw.githubusercontent.com/RenaLio/Mux2sub/main/sub_list: https://dy.xiaozhupeiqix.com/link/3UjMvc0ExnC5SIKJ?clash=1
2023-03-03 19:42 - WARNING - formatter.py[:53] - Could not fetch node from url: https://raw.githubusercontent.com/RenaLio/Mux2sub/main/sub_list: https://ubuntu.download-config-dotu.cyou/link/lakP74vmXv60Viyw?clash=1
2023-03-03 19:42 - WARNING - formatter.py[:53] - Could not fetch node from url: https://raw.githubusercontent.com/RenaLio/Mux2sub/main/sub_list: https://service-jaz4ivuy-1313667892.gz.apigw.tencentcs.com/link/tVNzxntSX7BVribE?clash=1
2023-03-03 19:42 - WARNING - formatter.py[:53] - Could not fetch node from url: https://raw.githubusercontent.com/RenaLio/Mux2sub/main/sub_list: https://lting.cyou/link/Ad4ATx9UhAFVg1eZ?clash=1
2023-03-03 19:42 - WARNING - formatter.py[:53] - Could not fetch node from url: https://raw.githubusercontent.com/RenaLio/Mux2sub/main/sub_list: https://quq.world/dee495db53a5db97a/link/jzggbijblCruJGLI?sub=3
2023-03-03 19:42 - WARNING - formatter.py[:53] - Could not fetch node from url: https://raw.githubusercontent.com/RenaLio/Mux2sub/main/sub_list: https://cdn-01.example.help.cn.faster.aliyuncdn.life/link/HTFLFJLCvG2Zqj5U?clash=1
2023-03-03 19:42 - WARNING - formatter.py[:53] - Could not fetch node from url: https://raw.githubusercontent.com/RenaLio/Mux2sub/main/sub_list: https://cdn-01.example.help.cn.faster.aliyuncdn.life/link/tPByeKQDBy3mHpOk?clash=1
2023-03-03 19:42 - WARNING - formatter.py[:53] - Could not fetch node from url: https://raw.githubusercontent.com/RenaLio/Mux2sub/main/sub_list: https://dy.xiaozhupeiqix.com/link/UqUq8NNN1gmrWO07?clash=1
2023-03-03 19:43 - WARNING - formatter.py[:53] - Could not fetch node from url: https://raw.githubusercontent.com/RenaLio/Mux2sub/main/sub_list: https://ubuntu.download-config-dotu.cyou/link/OmJN10N3AGl2uQVL?clash=1
2023-03-03 19:43 - WARNING - formatter.py[:53] - Could not fetch node from url: https://raw.githubusercontent.com/RenaLio/Mux2sub/main/sub_list: https://service-jaz4ivuy-1313667892.gz.apigw.tencentcs.com/link/AuifQ9fIfEo565D8?clash=1
2023-03-03 19:51 - WARNING - formatter.py[:20] - Could not fetch node from url: https://github.com/abbasdvd3/node/raw/fb2fe44e8f761eef668234916296f4d1f0802b3d/abbasdvd.node2.yaml
2023-03-03 19:51 - WARNING - formatter.py[:53] - Could not fetch node from url: https://raw.githubusercontent.com/RenaLio/Mux2sub/main/sub_list: https://feiniaoyun.xyz/api/v1/client/subscribe?token=96b13f27e84ef48cbb2a898f321918c6
2023-03-03 19:51 - WARNING - formatter.py[:53] - Could not fetch node from url: https://raw.githubusercontent.com/RenaLio/Mux2sub/main/sub_list: https://feiniaoyun.xyz/api/v1/client/subscribe?token=aeb7d2f17670fda5851bb4c7fc4ad4b1
2023-03-03 19:51 - WARNING - formatter.py[:53] - Could not fetch node from url: https://raw.githubusercontent.com/RenaLio/Mux2sub/main/sub_list: https://feiniaoyun.xyz/api/v1/client/subscribe?token=b0d8e35737d4a33f10041e252f4aa06e
2023-03-03 19:51 - WARNING - formatter.py[:53] - Could not fetch node from url: https://raw.githubusercontent.com/RenaLio/Mux2sub/main/sub_list: https://feiniaoyun.xyz/api/v1/client/subscribe?token=bde31b55295d5c4a61c3d0f396d4b106
2023-03-03 19:51 - WARNING - formatter.py[:53] - Could not fetch node from url: https://raw.githubusercontent.com/RenaLio/Mux2sub/main/sub_list: https://lting.cyou/link/bYEGVKavuo8uuExc?clash=1
2023-03-03 19:51 - WARNING - formatter.py[:53] - Could not fetch node from url: https://raw.githubusercontent.com/RenaLio/Mux2sub/main/sub_list: https://quq.world/dee495db53a5db97a/link/RbOw8Sgprc8XIlNy?sub=3
2023-03-03 19:51 - WARNING - formatter.py[:53] - Could not fetch node from url: https://raw.githubusercontent.com/RenaLio/Mux2sub/main/sub_list: https://cdn-01.example.help.cn.faster.aliyuncdn.life/link/XxV67rwyR1rycXwB?clash=1
2023-03-03 19:51 - WARNING - formatter.py[:53] - Could not fetch node from url: https://raw.githubusercontent.com/RenaLio/Mux2sub/main/sub_list: https://cdn-01.example.help.cn.faster.aliyuncdn.life/link/XoTdd3dudYQhauOz?clash=1
2023-03-03 19:51 - WARNING - formatter.py[:53] - Could not fetch node from url: https://raw.githubusercontent.com/RenaLio/Mux2sub/main/sub_list: https://dy.xiaozhupeiqix.com/link/3UjMvc0ExnC5SIKJ?clash=1
2023-03-03 19:51 - WARNING - formatter.py[:53] - Could not fetch node from url: https://raw.githubusercontent.com/RenaLio/Mux2sub/main/sub_list: https://ubuntu.download-config-dotu.cyou/link/lakP74vmXv60Viyw?clash=1
2023-03-03 19:51 - WARNING - formatter.py[:53] - Could not fetch node from url: https://raw.githubusercontent.com/RenaLio/Mux2sub/main/sub_list: https://service-jaz4ivuy-1313667892.gz.apigw.tencentcs.com/link/tVNzxntSX7BVribE?clash=1
2023-03-03 19:52 - WARNING - formatter.py[:53] - Could not fetch node from url: https://raw.githubusercontent.com/RenaLio/Mux2sub/main/sub_list: https://lting.cyou/link/Ad4ATx9UhAFVg1eZ?clash=1
2023-03-03 19:52 - WARNING - formatter.py[:53] - Could not fetch node from url: https://raw.githubusercontent.com/RenaLio/Mux2sub/main/sub_list: https://quq.world/dee495db53a5db97a/link/jzggbijblCruJGLI?sub=3
2023-03-03 19:52 - WARNING - formatter.py[:53] - Could not fetch node from url: https://raw.githubusercontent.com/RenaLio/Mux2sub/main/sub_list: https://cdn-01.example.help.cn.faster.aliyuncdn.life/link/HTFLFJLCvG2Zqj5U?clash=1
2023-03-03 19:52 - WARNING - formatter.py[:53] - Could not fetch node from url: https://raw.githubusercontent.com/RenaLio/Mux2sub/main/sub_list: https://cdn-01.example.help.cn.faster.aliyuncdn.life/link/tPByeKQDBy3mHpOk?clash=1
2023-03-03 19:52 - WARNING - formatter.py[:53] - Could not fetch node from url: https://raw.githubusercontent.com/RenaLio/Mux2sub/main/sub_list: https://dy.xiaozhupeiqix.com/link/UqUq8NNN1gmrWO07?clash=1
2023-03-03 19:52 - WARNING - formatter.py[:53] - Could not fetch node from url: https://raw.githubusercontent.com/RenaLio/Mux2sub/main/sub_list: https://ubuntu.download-config-dotu.cyou/link/OmJN10N3AGl2uQVL?clash=1
2023-03-03 19:52 - WARNING - formatter.py[:53] - Could not fetch node from url: https://raw.githubusercontent.com/RenaLio/Mux2sub/main/sub_list: https://service-jaz4ivuy-1313667892.gz.apigw.tencentcs.com/link/AuifQ9fIfEo565D8?clash=1
2023-03-03 19:57 - WARNING - formatter.py[:20] - Could not fetch node from url: https://github.com/abbasdvd3/node/raw/fb2fe44e8f761eef668234916296f4d1f0802b3d/abbasdvd.node2.yaml
2023-03-03 19:57 - WARNING - formatter.py[:53] - Could not fetch node from url: https://raw.githubusercontent.com/RenaLio/Mux2sub/main/sub_list: https://feiniaoyun.xyz/api/v1/client/subscribe?token=96b13f27e84ef48cbb2a898f321918c6
2023-03-03 19:57 - WARNING - formatter.py[:53] - Could not fetch node from url: https://raw.githubusercontent.com/RenaLio/Mux2sub/main/sub_list: https://feiniaoyun.xyz/api/v1/client/subscribe?token=aeb7d2f17670fda5851bb4c7fc4ad4b1
2023-03-03 19:57 - WARNING - formatter.py[:53] - Could not fetch node from url: https://raw.githubusercontent.com/RenaLio/Mux2sub/main/sub_list: https://feiniaoyun.xyz/api/v1/client/subscribe?token=b0d8e35737d4a33f10041e252f4aa06e
2023-03-03 19:58 - WARNING - formatter.py[:53] - Could not fetch node from url: https://raw.githubusercontent.com/RenaLio/Mux2sub/main/sub_list: https://feiniaoyun.xyz/api/v1/client/subscribe?token=bde31b55295d5c4a61c3d0f396d4b106
2023-03-03 19:58 - WARNING - formatter.py[:53] - Could not fetch node from url: https://raw.githubusercontent.com/RenaLio/Mux2sub/main/sub_list: https://lting.cyou/link/bYEGVKavuo8uuExc?clash=1
2023-03-03 19:58 - WARNING - formatter.py[:53] - Could not fetch node from url: https://raw.githubusercontent.com/RenaLio/Mux2sub/main/sub_list: https://quq.world/dee495db53a5db97a/link/RbOw8Sgprc8XIlNy?sub=3
2023-03-03 19:58 - WARNING - formatter.py[:53] - Could not fetch node from url: https://raw.githubusercontent.com/RenaLio/Mux2sub/main/sub_list: https://cdn-01.example.help.cn.faster.aliyuncdn.life/link/XxV67rwyR1rycXwB?clash=1
2023-03-03 19:58 - WARNING - formatter.py[:53] - Could not fetch node from url: https://raw.githubusercontent.com/RenaLio/Mux2sub/main/sub_list: https://cdn-01.example.help.cn.faster.aliyuncdn.life/link/XoTdd3dudYQhauOz?clash=1
2023-03-03 19:58 - WARNING - formatter.py[:53] - Could not fetch node from url: https://raw.githubusercontent.com/RenaLio/Mux2sub/main/sub_list: https://dy.xiaozhupeiqix.com/link/3UjMvc0ExnC5SIKJ?clash=1
2023-03-03 19:58 - WARNING - formatter.py[:53] - Could not fetch node from url: https://raw.githubusercontent.com/RenaLio/Mux2sub/main/sub_list: https://ubuntu.download-config-dotu.cyou/link/lakP74vmXv60Viyw?clash=1
2023-03-03 19:58 - WARNING - formatter.py[:53] - Could not fetch node from url: https://raw.githubusercontent.com/RenaLio/Mux2sub/main/sub_list: https://service-jaz4ivuy-1313667892.gz.apigw.tencentcs.com/link/tVNzxntSX7BVribE?clash=1
2023-03-03 19:58 - WARNING - formatter.py[:53] - Could not fetch node from url: https://raw.githubusercontent.com/RenaLio/Mux2sub/main/sub_list: https://lting.cyou/link/Ad4ATx9UhAFVg1eZ?clash=1
2023-03-03 19:58 - WARNING - formatter.py[:53] - Could not fetch node from url: https://raw.githubusercontent.com/RenaLio/Mux2sub/main/sub_list: https://quq.world/dee495db53a5db97a/link/jzggbijblCruJGLI?sub=3
2023-03-03 19:58 - WARNING - formatter.py[:53] - Could not fetch node from url: https://raw.githubusercontent.com/RenaLio/Mux2sub/main/sub_list: https://cdn-01.example.help.cn.faster.aliyuncdn.life/link/HTFLFJLCvG2Zqj5U?clash=1
2023-03-03 19:58 - WARNING - formatter.py[:53] - Could not fetch node from url: https://raw.githubusercontent.com/RenaLio/Mux2sub/main/sub_list: https://cdn-01.example.help.cn.faster.aliyuncdn.life/link/tPByeKQDBy3mHpOk?clash=1
2023-03-03 19:58 - WARNING - formatter.py[:53] - Could not fetch node from url: https://raw.githubusercontent.com/RenaLio/Mux2sub/main/sub_list: https://dy.xiaozhupeiqix.com/link/UqUq8NNN1gmrWO07?clash=1
2023-03-03 19:58 - WARNING - formatter.py[:53] - Could not fetch node from url: https://raw.githubusercontent.com/RenaLio/Mux2sub/main/sub_list: https://ubuntu.download-config-dotu.cyou/link/OmJN10N3AGl2uQVL?clash=1
2023-03-03 19:58 - WARNING - formatter.py[:53] - Could not fetch node from url: https://raw.githubusercontent.com/RenaLio/Mux2sub/main/sub_list: https://service-jaz4ivuy-1313667892.gz.apigw.tencentcs.com/link/AuifQ9fIfEo565D8?clash=1
2023-03-03 20:03 - WARNING - formatter.py[:20] - Could not fetch node from url: https://github.com/abbasdvd3/node/raw/fb2fe44e8f761eef668234916296f4d1f0802b3d/abbasdvd.node2.yaml
2023-03-03 20:04 - WARNING - formatter.py[:53] - Could not fetch node from url: https://raw.githubusercontent.com/RenaLio/Mux2sub/main/sub_list: https://feiniaoyun.xyz/api/v1/client/subscribe?token=96b13f27e84ef48cbb2a898f321918c6
2023-03-03 20:04 - WARNING - formatter.py[:53] - Could not fetch node from url: https://raw.githubusercontent.com/RenaLio/Mux2sub/main/sub_list: https://feiniaoyun.xyz/api/v1/client/subscribe?token=aeb7d2f17670fda5851bb4c7fc4ad4b1
2023-03-03 20:04 - WARNING - formatter.py[:53] - Could not fetch node from url: https://raw.githubusercontent.com/RenaLio/Mux2sub/main/sub_list: https://feiniaoyun.xyz/api/v1/client/subscribe?token=b0d8e35737d4a33f10041e252f4aa06e
2023-03-03 20:04 - WARNING - formatter.py[:53] - Could not fetch node from url: https://raw.githubusercontent.com/RenaLio/Mux2sub/main/sub_list: https://feiniaoyun.xyz/api/v1/client/subscribe?token=bde31b55295d5c4a61c3d0f396d4b106
2023-03-03 20:04 - WARNING - formatter.py[:53] - Could not fetch node from url: https://raw.githubusercontent.com/RenaLio/Mux2sub/main/sub_list: https://lting.cyou/link/bYEGVKavuo8uuExc?clash=1
2023-03-03 20:04 - WARNING - formatter.py[:53] - Could not fetch node from url: https://raw.githubusercontent.com/RenaLio/Mux2sub/main/sub_list: https://quq.world/dee495db53a5db97a/link/RbOw8Sgprc8XIlNy?sub=3
2023-03-03 20:04 - WARNING - formatter.py[:53] - Could not fetch node from url: https://raw.githubusercontent.com/RenaLio/Mux2sub/main/sub_list: https://cdn-01.example.help.cn.faster.aliyuncdn.life/link/XxV67rwyR1rycXwB?clash=1
2023-03-03 20:04 - WARNING - formatter.py[:53] - Could not fetch node from url: https://raw.githubusercontent.com/RenaLio/Mux2sub/main/sub_list: https://cdn-01.example.help.cn.faster.aliyuncdn.life/link/XoTdd3dudYQhauOz?clash=1
2023-03-03 20:04 - WARNING - formatter.py[:53] - Could not fetch node from url: https://raw.githubusercontent.com/RenaLio/Mux2sub/main/sub_list: https://dy.xiaozhupeiqix.com/link/3UjMvc0ExnC5SIKJ?clash=1
2023-03-03 20:04 - WARNING - formatter.py[:53] - Could not fetch node from url: https://raw.githubusercontent.com/RenaLio/Mux2sub/main/sub_list: https://ubuntu.download-config-dotu.cyou/link/lakP74vmXv60Viyw?clash=1
2023-03-03 20:04 - WARNING - formatter.py[:53] - Could not fetch node from url: https://raw.githubusercontent.com/RenaLio/Mux2sub/main/sub_list: https://service-jaz4ivuy-1313667892.gz.apigw.tencentcs.com/link/tVNzxntSX7BVribE?clash=1
2023-03-03 20:04 - WARNING - formatter.py[:53] - Could not fetch node from url: https://raw.githubusercontent.com/RenaLio/Mux2sub/main/sub_list: https://lting.cyou/link/Ad4ATx9UhAFVg1eZ?clash=1
2023-03-03 20:04 - WARNING - formatter.py[:53] - Could not fetch node from url: https://raw.githubusercontent.com/RenaLio/Mux2sub/main/sub_list: https://quq.world/dee495db53a5db97a/link/jzggbijblCruJGLI?sub=3
2023-03-03 20:04 - WARNING - formatter.py[:53] - Could not fetch node from url: https://raw.githubusercontent.com/RenaLio/Mux2sub/main/sub_list: https://cdn-01.example.help.cn.faster.aliyuncdn.life/link/HTFLFJLCvG2Zqj5U?clash=1
2023-03-03 20:05 - WARNING - formatter.py[:53] - Could not fetch node from url: https://raw.githubusercontent.com/RenaLio/Mux2sub/main/sub_list: https://cdn-01.example.help.cn.faster.aliyuncdn.life/link/tPByeKQDBy3mHpOk?clash=1
2023-03-03 20:05 - WARNING - formatter.py[:53] - Could not fetch node from url: https://raw.githubusercontent.com/RenaLio/Mux2sub/main/sub_list: https://dy.xiaozhupeiqix.com/link/UqUq8NNN1gmrWO07?clash=1
2023-03-03 20:05 - WARNING - formatter.py[:53] - Could not fetch node from url: https://raw.githubusercontent.com/RenaLio/Mux2sub/main/sub_list: https://ubuntu.download-config-dotu.cyou/link/OmJN10N3AGl2uQVL?clash=1
2023-03-03 20:05 - WARNING - formatter.py[:53] - Could not fetch node from url: https://raw.githubusercontent.com/RenaLio/Mux2sub/main/sub_list: https://service-jaz4ivuy-1313667892.gz.apigw.tencentcs.com/link/AuifQ9fIfEo565D8?clash=1
2023-03-04 01:05 - ERROR - generator.py[:26] - out.json not found, exit program
NoneType: None
2023-03-04 01:13 - WARNING - initiator.py[:41] - Requirement satisfied, try updating Country.mmdb
2023-03-04 01:13 - ERROR - generator.py[:26] - out.json not found, exit program
NoneType: None
2023-03-04 01:14 - WARNING - initiator.py[:41] - Requirement satisfied, try updating Country.mmdb
2023-03-04 01:16 - ERROR - generator.py[:26] - out.json not found, exit program
NoneType: None
2023-03-04 03:12 - ERROR - generator.py[:26] - out.json not found, exit program
NoneType: None
2023-03-04 22:03 - WARNING - formatter.py[:20] - Could not fetch node from url: https://github.com/abbasdvd3/node/raw/fb2fe44e8f761eef668234916296f4d1f0802b3d/abbasdvd.node2.yaml
2023-03-04 22:04 - WARNING - formatter.py[:53] - Could not fetch node from url: https://raw.githubusercontent.com/RenaLio/Mux2sub/main/sub_list: https://feiniaoyun.xyz/api/v1/client/subscribe?token=a25140a31ada23a918105c139cbc8b09
2023-03-04 22:04 - WARNING - formatter.py[:53] - Could not fetch node from url: https://raw.githubusercontent.com/RenaLio/Mux2sub/main/sub_list: https://feiniaoyun.xyz/api/v1/client/subscribe?token=9af0f075af8fc1c22d0f8da69100ee53
2023-03-04 22:04 - WARNING - formatter.py[:53] - Could not fetch node from url: https://raw.githubusercontent.com/RenaLio/Mux2sub/main/sub_list: https://feiniaoyun.xyz/api/v1/client/subscribe?token=81408a3d61bb79b088c087d006b23402
2023-03-04 22:04 - WARNING - formatter.py[:53] - Could not fetch node from url: https://raw.githubusercontent.com/RenaLio/Mux2sub/main/sub_list: https://feiniaoyun.xyz/api/v1/client/subscribe?token=291600e2339d285e7ffc6fbbe7815352
2023-03-04 22:05 - WARNING - formatter.py[:53] - Could not fetch node from url: https://raw.githubusercontent.com/RenaLio/Mux2sub/main/sub_list: https://lting.cyou/link/75uXHg4Fhee18ABv?clash=1
2023-03-04 22:05 - WARNING - formatter.py[:53] - Could not fetch node from url: https://raw.githubusercontent.com/RenaLio/Mux2sub/main/sub_list: https://cdn-01.example.help.cn.faster.aliyuncdn.life/link/BNuGkA6tA5U5kPs6?clash=1
2023-03-04 22:05 - WARNING - formatter.py[:53] - Could not fetch node from url: https://raw.githubusercontent.com/RenaLio/Mux2sub/main/sub_list: https://cdn-01.example.help.cn.faster.aliyuncdn.life/link/cyLAZTGFQYqNYo5Y?clash=1
2023-03-04 22:05 - WARNING - formatter.py[:53] - Could not fetch node from url: https://raw.githubusercontent.com/RenaLio/Mux2sub/main/sub_list: https://dy.xiaozhupeiqix.com/link/YFRrY3S4EbIkAgDa?clash=1
2023-03-04 22:05 - WARNING - formatter.py[:53] - Could not fetch node from url: https://raw.githubusercontent.com/RenaLio/Mux2sub/main/sub_list: https://service-jaz4ivuy-1313667892.gz.apigw.tencentcs.com/link/EhSTdPI8GMXxKE91?clash=1
2023-03-04 22:05 - WARNING - formatter.py[:53] - Could not fetch node from url: https://raw.githubusercontent.com/RenaLio/Mux2sub/main/sub_list: https://lting.cyou/link/mycDyjPwnVw2z77e?clash=1
2023-03-04 22:05 - WARNING - formatter.py[:53] - Could not fetch node from url: https://raw.githubusercontent.com/RenaLio/Mux2sub/main/sub_list: https://cdn-01.example.help.cn.faster.aliyuncdn.life/link/ffGBttFi3JQldQqg?clash=1
2023-03-04 22:05 - WARNING - formatter.py[:53] - Could not fetch node from url: https://raw.githubusercontent.com/RenaLio/Mux2sub/main/sub_list: https://cdn-01.example.help.cn.faster.aliyuncdn.life/link/VFUc01t4y40I8SQF?clash=1
2023-03-04 22:05 - WARNING - formatter.py[:53] - Could not fetch node from url: https://raw.githubusercontent.com/RenaLio/Mux2sub/main/sub_list: https://dy.xiaozhupeiqix.com/link/sB4ehUHJ3jFkFgDl?clash=1
2023-03-04 22:05 - WARNING - formatter.py[:53] - Could not fetch node from url: https://raw.githubusercontent.com/RenaLio/Mux2sub/main/sub_list: https://service-jaz4ivuy-1313667892.gz.apigw.tencentcs.com/link/2uLzC1JoJwfYivCO?clash=1
2023-03-04 22:06 - WARNING - formatter.py[:20] - Could not fetch node from url: https://raw.githubusercontent.com/anorika77/v2ray-subscribe/main/clash
2023-03-04 22:20 - ERROR - generator.py[:26] - out.json not found, exit program
NoneType: None
2023-03-05 00:22 - ERROR - initiator.py[:34] - HTTPSConnectionPool(host='cdn.jsdelivr.net', port=443): Max retries exceeded with url: /gh/Loyalsoldier/geoip@release/Country.mmdb (Caused by SSLError(SSLEOFError(8, 'EOF occurred in violation of protocol (_ssl.c:992)')))
Traceback (most recent call last):
  File "C:\Users\franc\AppData\Local\Programs\Python\Python311\Lib\site-packages\urllib3\connectionpool.py", line 703, in urlopen
    httplib_response = self._make_request(
                       ^^^^^^^^^^^^^^^^^^^
  File "C:\Users\franc\AppData\Local\Programs\Python\Python311\Lib\site-packages\urllib3\connectionpool.py", line 386, in _make_request
    self._validate_conn(conn)
  File "C:\Users\franc\AppData\Local\Programs\Python\Python311\Lib\site-packages\urllib3\connectionpool.py", line 1042, in _validate_conn
    conn.connect()
  File "C:\Users\franc\AppData\Local\Programs\Python\Python311\Lib\site-packages\urllib3\connection.py", line 414, in connect
    self.sock = ssl_wrap_socket(
                ^^^^^^^^^^^^^^^^
  File "C:\Users\franc\AppData\Local\Programs\Python\Python311\Lib\site-packages\urllib3\util\ssl_.py", line 449, in ssl_wrap_socket
    ssl_sock = _ssl_wrap_socket_impl(
               ^^^^^^^^^^^^^^^^^^^^^^
  File "C:\Users\franc\AppData\Local\Programs\Python\Python311\Lib\site-packages\urllib3\util\ssl_.py", line 493, in _ssl_wrap_socket_impl
    return ssl_context.wrap_socket(sock, server_hostname=server_hostname)
           ^^^^^^^^^^^^^^^^^^^^^^^^^^^^^^^^^^^^^^^^^^^^^^^^^^^^^^^^^^^^^^
  File "C:\Users\franc\AppData\Local\Programs\Python\Python311\Lib\ssl.py", line 517, in wrap_socket
    return self.sslsocket_class._create(
           ^^^^^^^^^^^^^^^^^^^^^^^^^^^^^
  File "C:\Users\franc\AppData\Local\Programs\Python\Python311\Lib\ssl.py", line 1075, in _create
    self.do_handshake()
  File "C:\Users\franc\AppData\Local\Programs\Python\Python311\Lib\ssl.py", line 1346, in do_handshake
    self._sslobj.do_handshake()
ssl.SSLEOFError: EOF occurred in violation of protocol (_ssl.c:992)

During handling of the above exception, another exception occurred:

Traceback (most recent call last):
  File "C:\Users\franc\AppData\Local\Programs\Python\Python311\Lib\site-packages\requests\adapters.py", line 489, in send
    resp = conn.urlopen(
           ^^^^^^^^^^^^^
  File "C:\Users\franc\AppData\Local\Programs\Python\Python311\Lib\site-packages\urllib3\connectionpool.py", line 787, in urlopen
    retries = retries.increment(
              ^^^^^^^^^^^^^^^^^^
  File "C:\Users\franc\AppData\Local\Programs\Python\Python311\Lib\site-packages\urllib3\util\retry.py", line 592, in increment
    raise MaxRetryError(_pool, url, error or ResponseError(cause))
urllib3.exceptions.MaxRetryError: HTTPSConnectionPool(host='cdn.jsdelivr.net', port=443): Max retries exceeded with url: /gh/Loyalsoldier/geoip@release/Country.mmdb (Caused by SSLError(SSLEOFError(8, 'EOF occurred in violation of protocol (_ssl.c:992)')))

During handling of the above exception, another exception occurred:

Traceback (most recent call last):
  File "C:\Users\franc\Repo\minitrue\utils\initiator.py", line 30, in start_program
    res = requests.get('https://cdn.jsdelivr.net/gh/Loyalsoldier/geoip@release/Country.mmdb')
          ^^^^^^^^^^^^^^^^^^^^^^^^^^^^^^^^^^^^^^^^^^^^^^^^^^^^^^^^^^^^^^^^^^^^^^^^^^^^^^^^^^^
  File "C:\Users\franc\AppData\Local\Programs\Python\Python311\Lib\site-packages\requests\api.py", line 73, in get
    return request("get", url, params=params, **kwargs)
           ^^^^^^^^^^^^^^^^^^^^^^^^^^^^^^^^^^^^^^^^^^^^
  File "C:\Users\franc\AppData\Local\Programs\Python\Python311\Lib\site-packages\requests\api.py", line 59, in request
    return session.request(method=method, url=url, **kwargs)
           ^^^^^^^^^^^^^^^^^^^^^^^^^^^^^^^^^^^^^^^^^^^^^^^^^
  File "C:\Users\franc\AppData\Local\Programs\Python\Python311\Lib\site-packages\requests\sessions.py", line 587, in request
    resp = self.send(prep, **send_kwargs)
           ^^^^^^^^^^^^^^^^^^^^^^^^^^^^^^
  File "C:\Users\franc\AppData\Local\Programs\Python\Python311\Lib\site-packages\requests\sessions.py", line 701, in send
    r = adapter.send(request, **kwargs)
        ^^^^^^^^^^^^^^^^^^^^^^^^^^^^^^^
  File "C:\Users\franc\AppData\Local\Programs\Python\Python311\Lib\site-packages\requests\adapters.py", line 563, in send
    raise SSLError(e, request=request)
requests.exceptions.SSLError: HTTPSConnectionPool(host='cdn.jsdelivr.net', port=443): Max retries exceeded with url: /gh/Loyalsoldier/geoip@release/Country.mmdb (Caused by SSLError(SSLEOFError(8, 'EOF occurred in violation of protocol (_ssl.c:992)')))
